[debug] [2023-01-05T13:36:05.113Z] ----------------------------------------------------------------------
[debug] [2023-01-05T13:36:05.114Z] Command:       /usr/local/bin/node /usr/local/bin/firebase init functions
[debug] [2023-01-05T13:36:05.114Z] CLI Version:   11.19.0
[debug] [2023-01-05T13:36:05.114Z] Platform:      darwin
[debug] [2023-01-05T13:36:05.114Z] Node Version:  v16.17.0
[debug] [2023-01-05T13:36:05.117Z] Time:          Thu Jan 05 2023 13:36:05 GMT+0000 (Greenwich Mean Time)
[debug] [2023-01-05T13:36:05.117Z] ----------------------------------------------------------------------
[debug] 
[debug] [2023-01-05T13:36:05.119Z] >>> [apiv2][query] GET https://firebase-public.firebaseio.com/cli.json [none]
[debug] [2023-01-05T13:36:05.158Z] > command requires scopes: ["email","openid","https://www.googleapis.com/auth/cloudplatformprojects.readonly","https://www.googleapis.com/auth/firebase","https://www.googleapis.com/auth/cloud-platform"]
[debug] [2023-01-05T13:36:05.158Z] > authorizing via signed-in user (farzin2tech@gmail.com)
[info] 
     ######## #### ########  ######## ########     ###     ######  ########
     ##        ##  ##     ## ##       ##     ##  ##   ##  ##       ##
     ######    ##  ########  ######   ########  #########  ######  ######
     ##        ##  ##    ##  ##       ##     ## ##     ##       ## ##
     ##       #### ##     ## ######## ########  ##     ##  ######  ########

You're about to initialize a Firebase project in this directory:

  /Users/farzinkhaledi/Documents/ironhack/react-portfolio-website

Before we get started, keep in mind:

  * You are initializing within an existing Firebase project directory

[info] 
=== Project Setup
[info] 
[info] First, let's associate this project directory with a Firebase project.
[info] You can create multiple project aliases by running firebase use --add, 
[info] but for now we'll just set up a default project.
[info] 
[debug] [2023-01-05T13:36:05.160Z] Using project from CLI flag: my-website-5cd3e
[debug] [2023-01-05T13:36:05.160Z] > refreshing access token with scopes: []
[debug] [2023-01-05T13:36:05.161Z] >>> [apiv2][query] POST https://www.googleapis.com/oauth2/v3/token [none]
[debug] [2023-01-05T13:36:05.161Z] >>> [apiv2][body] POST https://www.googleapis.com/oauth2/v3/token [omitted]
[debug] [2023-01-05T13:36:51.914Z] ----------------------------------------------------------------------
[debug] [2023-01-05T13:36:51.914Z] Command:       /usr/local/bin/node /usr/local/bin/firebase login
[debug] [2023-01-05T13:36:51.915Z] CLI Version:   11.19.0
[debug] [2023-01-05T13:36:51.915Z] Platform:      darwin
[debug] [2023-01-05T13:36:51.915Z] Node Version:  v16.17.0
[debug] [2023-01-05T13:36:51.915Z] Time:          Thu Jan 05 2023 13:36:51 GMT+0000 (Greenwich Mean Time)
[debug] [2023-01-05T13:36:51.916Z] ----------------------------------------------------------------------
[debug] 
[debug] [2023-01-05T13:36:51.917Z] >>> [apiv2][query] GET https://firebase-public.firebaseio.com/cli.json [none]
[info] Already logged in as farzin2tech@gmail.com
[debug] [2023-01-05T13:37:01.967Z] Error: Timed out.
    at Timeout._onTimeout (/usr/local/lib/node_modules/firebase-tools/lib/utils.js:253:49)
    at listOnTimeout (node:internal/timers:559:17)
    at processTimers (node:internal/timers:502:7)
[error] 
[error] Error: An unexpected error has occurred.
[debug] [2023-01-05T13:37:14.368Z] ----------------------------------------------------------------------
[debug] [2023-01-05T13:37:14.369Z] Command:       /usr/local/bin/node /usr/local/bin/firebase login
[debug] [2023-01-05T13:37:14.369Z] CLI Version:   11.19.0
[debug] [2023-01-05T13:37:14.369Z] Platform:      darwin
[debug] [2023-01-05T13:37:14.370Z] Node Version:  v16.17.0
[debug] [2023-01-05T13:37:14.370Z] Time:          Thu Jan 05 2023 13:37:14 GMT+0000 (Greenwich Mean Time)
[debug] [2023-01-05T13:37:14.370Z] ----------------------------------------------------------------------
[debug] 
[debug] [2023-01-05T13:37:14.372Z] >>> [apiv2][query] GET https://firebase-public.firebaseio.com/cli.json [none]
[info] Already logged in as farzin2tech@gmail.com
[debug] [2023-01-05T13:37:20.545Z] <<< [apiv2][status] GET https://firebase-public.firebaseio.com/cli.json 200
[debug] [2023-01-05T13:37:20.545Z] <<< [apiv2][body] GET https://firebase-public.firebaseio.com/cli.json {"cloudBuildErrorAfter":1594252800000,"cloudBuildWarnAfter":1590019200000,"defaultNode10After":1594252800000,"minVersion":"3.0.5","node8DeploysDisabledAfter":1613390400000,"node8RuntimeDisabledAfter":1615809600000,"node8WarnAfter":1600128000000}
[debug] [2023-01-05T13:37:27.359Z] ----------------------------------------------------------------------
[debug] [2023-01-05T13:37:27.360Z] Command:       /usr/local/bin/node /usr/local/bin/firebase init functions
[debug] [2023-01-05T13:37:27.360Z] CLI Version:   11.19.0
[debug] [2023-01-05T13:37:27.360Z] Platform:      darwin
[debug] [2023-01-05T13:37:27.360Z] Node Version:  v16.17.0
[debug] [2023-01-05T13:37:27.361Z] Time:          Thu Jan 05 2023 13:37:27 GMT+0000 (Greenwich Mean Time)
[debug] [2023-01-05T13:37:27.361Z] ----------------------------------------------------------------------
[debug] 
[debug] [2023-01-05T13:37:27.391Z] > command requires scopes: ["email","openid","https://www.googleapis.com/auth/cloudplatformprojects.readonly","https://www.googleapis.com/auth/firebase","https://www.googleapis.com/auth/cloud-platform"]
[debug] [2023-01-05T13:37:27.391Z] > authorizing via signed-in user (farzin2tech@gmail.com)
[info] 
     ######## #### ########  ######## ########     ###     ######  ########
     ##        ##  ##     ## ##       ##     ##  ##   ##  ##       ##
     ######    ##  ########  ######   ########  #########  ######  ######
     ##        ##  ##    ##  ##       ##     ## ##     ##       ## ##
     ##       #### ##     ## ######## ########  ##     ##  ######  ########

You're about to initialize a Firebase project in this directory:

  /Users/farzinkhaledi/Documents/ironhack/react-portfolio-website

Before we get started, keep in mind:

  * You are initializing within an existing Firebase project directory

[info] 
=== Project Setup
[info] 
[info] First, let's associate this project directory with a Firebase project.
[info] You can create multiple project aliases by running firebase use --add, 
[info] but for now we'll just set up a default project.
[info] 
[debug] [2023-01-05T13:37:27.393Z] Using project from CLI flag: my-website-5cd3e
[debug] [2023-01-05T13:37:27.394Z] > refreshing access token with scopes: []
[debug] [2023-01-05T13:37:27.394Z] >>> [apiv2][query] POST https://www.googleapis.com/oauth2/v3/token [none]
[debug] [2023-01-05T13:37:27.394Z] >>> [apiv2][body] POST https://www.googleapis.com/oauth2/v3/token [omitted]
[debug] [2023-01-05T13:37:30.802Z] <<< [apiv2][status] POST https://www.googleapis.com/oauth2/v3/token 200
[debug] [2023-01-05T13:37:30.803Z] <<< [apiv2][body] POST https://www.googleapis.com/oauth2/v3/token [omitted]
[debug] [2023-01-05T13:37:30.816Z] >>> [apiv2][query] GET https://firebase.googleapis.com/v1beta1/projects/my-website-5cd3e [none]
[debug] [2023-01-05T13:37:35.338Z] <<< [apiv2][status] GET https://firebase.googleapis.com/v1beta1/projects/my-website-5cd3e 200
[debug] [2023-01-05T13:37:35.339Z] <<< [apiv2][body] GET https://firebase.googleapis.com/v1beta1/projects/my-website-5cd3e {"projectId":"my-website-5cd3e","projectNumber":"493637542163","displayName":"My-Website","name":"projects/my-website-5cd3e","resources":{"hostingSite":"my-website-5cd3e"},"state":"ACTIVE","etag":"1_b12eb90c-6d4e-4ca1-9cad-de5dddfb0472"}
[info] i  Using project my-website-5cd3e (My-Website) 
[info] 
=== Functions Setup
[debug] [2023-01-05T13:37:35.347Z] > command requires scopes: ["email","openid","https://www.googleapis.com/auth/cloudplatformprojects.readonly","https://www.googleapis.com/auth/firebase","https://www.googleapis.com/auth/cloud-platform"]
[debug] [2023-01-05T13:37:35.348Z] > authorizing via signed-in user (farzin2tech@gmail.com)
[debug] [2023-01-05T13:37:35.348Z] [iam] checking project my-website-5cd3e for permissions ["firebase.projects.get"]
[debug] [2023-01-05T13:37:35.348Z] >>> [apiv2][query] POST https://cloudresourcemanager.googleapis.com/v1/projects/my-website-5cd3e:testIamPermissions [none]
[debug] [2023-01-05T13:37:35.348Z] >>> [apiv2][(partial)header] POST https://cloudresourcemanager.googleapis.com/v1/projects/my-website-5cd3e:testIamPermissions x-goog-quota-user=projects/my-website-5cd3e
[debug] [2023-01-05T13:37:35.348Z] >>> [apiv2][body] POST https://cloudresourcemanager.googleapis.com/v1/projects/my-website-5cd3e:testIamPermissions {"permissions":["firebase.projects.get"]}
[debug] [2023-01-05T13:37:58.781Z] [iam] error while checking permissions, command may fail: FirebaseError: Failed to make request to https://cloudresourcemanager.googleapis.com/v1/projects/my-website-5cd3e:testIamPermissions
[debug] [2023-01-05T13:37:58.785Z] >>> [apiv2][query] GET https://serviceusage.googleapis.com/v1/projects/my-website-5cd3e/services/cloudfunctions.googleapis.com [none]
[debug] [2023-01-05T13:37:58.785Z] >>> [apiv2][(partial)header] GET https://serviceusage.googleapis.com/v1/projects/my-website-5cd3e/services/cloudfunctions.googleapis.com x-goog-quota-user=projects/my-website-5cd3e
[debug] [2023-01-05T13:37:58.788Z] >>> [apiv2][query] GET https://serviceusage.googleapis.com/v1/projects/my-website-5cd3e/services/runtimeconfig.googleapis.com [none]
[debug] [2023-01-05T13:37:58.789Z] >>> [apiv2][(partial)header] GET https://serviceusage.googleapis.com/v1/projects/my-website-5cd3e/services/runtimeconfig.googleapis.com x-goog-quota-user=projects/my-website-5cd3e
[debug] [2023-01-05T13:38:34.621Z] <<< [apiv2][status] GET https://serviceusage.googleapis.com/v1/projects/my-website-5cd3e/services/runtimeconfig.googleapis.com 200
[debug] [2023-01-05T13:38:34.623Z] <<< [apiv2][body] GET https://serviceusage.googleapis.com/v1/projects/my-website-5cd3e/services/runtimeconfig.googleapis.com [omitted]
[debug] [2023-01-05T13:38:34.830Z] <<< [apiv2][status] GET https://serviceusage.googleapis.com/v1/projects/my-website-5cd3e/services/cloudfunctions.googleapis.com 200
[debug] [2023-01-05T13:38:34.831Z] <<< [apiv2][body] GET https://serviceusage.googleapis.com/v1/projects/my-website-5cd3e/services/cloudfunctions.googleapis.com [omitted]
[debug] [2023-01-05T13:38:34.832Z] >>> [apiv2][query] POST https://serviceusage.googleapis.com/v1/projects/my-website-5cd3e/services/cloudfunctions.googleapis.com:enable [none]
[debug] [2023-01-05T13:38:34.832Z] >>> [apiv2][(partial)header] POST https://serviceusage.googleapis.com/v1/projects/my-website-5cd3e/services/cloudfunctions.googleapis.com:enable x-goog-quota-user=projects/my-website-5cd3e
[debug] [2023-01-05T13:38:59.928Z] <<< [apiv2][status] POST https://serviceusage.googleapis.com/v1/projects/my-website-5cd3e/services/cloudfunctions.googleapis.com:enable 200
[debug] [2023-01-05T13:38:59.928Z] <<< [apiv2][body] POST https://serviceusage.googleapis.com/v1/projects/my-website-5cd3e/services/cloudfunctions.googleapis.com:enable [omitted]
[debug] [2023-01-05T13:39:09.932Z] >>> [apiv2][query] GET https://serviceusage.googleapis.com/v1/projects/my-website-5cd3e/services/cloudfunctions.googleapis.com [none]
[debug] [2023-01-05T13:39:09.934Z] >>> [apiv2][(partial)header] GET https://serviceusage.googleapis.com/v1/projects/my-website-5cd3e/services/cloudfunctions.googleapis.com x-goog-quota-user=projects/my-website-5cd3e
[debug] [2023-01-05T13:39:41.330Z] Error: Timed out.
    at Timeout._onTimeout (/usr/local/lib/node_modules/firebase-tools/lib/utils.js:253:49)
    at listOnTimeout (node:internal/timers:559:17)
    at processTimers (node:internal/timers:502:7)
[error] 
[error] Error: An unexpected error has occurred.
[debug] [2023-01-08T13:34:39.941Z] ----------------------------------------------------------------------
[debug] [2023-01-08T13:34:39.942Z] Command:       /usr/local/bin/node /usr/local/bin/firebase deploy
[debug] [2023-01-08T13:34:39.942Z] CLI Version:   11.19.0
[debug] [2023-01-08T13:34:39.942Z] Platform:      darwin
[debug] [2023-01-08T13:34:39.942Z] Node Version:  v16.17.0
[debug] [2023-01-08T13:34:39.945Z] Time:          Sun Jan 08 2023 13:34:39 GMT+0000 (Greenwich Mean Time)
[debug] [2023-01-08T13:34:39.945Z] ----------------------------------------------------------------------
[debug] 
[debug] [2023-01-08T13:34:39.946Z] >>> [apiv2][query] GET https://firebase-public.firebaseio.com/cli.json [none]
[debug] [2023-01-08T13:34:39.983Z] > command requires scopes: ["email","openid","https://www.googleapis.com/auth/cloudplatformprojects.readonly","https://www.googleapis.com/auth/firebase","https://www.googleapis.com/auth/cloud-platform"]
[debug] [2023-01-08T13:34:39.983Z] > authorizing via signed-in user (farzin2tech@gmail.com)
[debug] [2023-01-08T13:34:39.983Z] [iam] checking project my-website-5cd3e for permissions ["firebase.projects.get","firebasehosting.sites.update"]
[debug] [2023-01-08T13:34:39.984Z] > refreshing access token with scopes: []
[debug] [2023-01-08T13:34:39.984Z] >>> [apiv2][query] POST https://www.googleapis.com/oauth2/v3/token [none]
[debug] [2023-01-08T13:34:39.984Z] >>> [apiv2][body] POST https://www.googleapis.com/oauth2/v3/token [omitted]
[debug] [2023-01-08T13:34:53.469Z] <<< [apiv2][status] POST https://www.googleapis.com/oauth2/v3/token 200
[debug] [2023-01-08T13:34:53.469Z] <<< [apiv2][body] POST https://www.googleapis.com/oauth2/v3/token [omitted]
[debug] [2023-01-08T13:34:53.484Z] >>> [apiv2][query] POST https://cloudresourcemanager.googleapis.com/v1/projects/my-website-5cd3e:testIamPermissions [none]
[debug] [2023-01-08T13:34:53.484Z] >>> [apiv2][(partial)header] POST https://cloudresourcemanager.googleapis.com/v1/projects/my-website-5cd3e:testIamPermissions x-goog-quota-user=projects/my-website-5cd3e
[debug] [2023-01-08T13:34:53.484Z] >>> [apiv2][body] POST https://cloudresourcemanager.googleapis.com/v1/projects/my-website-5cd3e:testIamPermissions {"permissions":["firebase.projects.get","firebasehosting.sites.update"]}
[debug] [2023-01-08T13:34:53.528Z] <<< [apiv2][status] GET https://firebase-public.firebaseio.com/cli.json 200
[debug] [2023-01-08T13:34:53.528Z] <<< [apiv2][body] GET https://firebase-public.firebaseio.com/cli.json {"cloudBuildErrorAfter":1594252800000,"cloudBuildWarnAfter":1590019200000,"defaultNode10After":1594252800000,"minVersion":"3.0.5","node8DeploysDisabledAfter":1613390400000,"node8RuntimeDisabledAfter":1615809600000,"node8WarnAfter":1600128000000}
[debug] [2023-01-08T13:34:57.358Z] <<< [apiv2][status] POST https://cloudresourcemanager.googleapis.com/v1/projects/my-website-5cd3e:testIamPermissions 200
[debug] [2023-01-08T13:34:57.359Z] <<< [apiv2][body] POST https://cloudresourcemanager.googleapis.com/v1/projects/my-website-5cd3e:testIamPermissions {"permissions":["firebase.projects.get","firebasehosting.sites.update"]}
[debug] [2023-01-08T13:34:57.360Z] >>> [apiv2][query] GET https://firebase.googleapis.com/v1beta1/projects/my-website-5cd3e [none]
[debug] [2023-01-08T13:34:59.660Z] <<< [apiv2][status] GET https://firebase.googleapis.com/v1beta1/projects/my-website-5cd3e 200
[debug] [2023-01-08T13:34:59.660Z] <<< [apiv2][body] GET https://firebase.googleapis.com/v1beta1/projects/my-website-5cd3e {"projectId":"my-website-5cd3e","projectNumber":"493637542163","displayName":"My-Website","name":"projects/my-website-5cd3e","resources":{"hostingSite":"my-website-5cd3e"},"state":"ACTIVE","etag":"1_b12eb90c-6d4e-4ca1-9cad-de5dddfb0472"}
[info] 
[info] === Deploying to 'my-website-5cd3e'...
[info] 
[info] i  deploying hosting 
[debug] [2023-01-08T13:34:59.666Z] >>> [apiv2][query] POST https://firebasehosting.googleapis.com/v1beta1/projects/-/sites/my-website-5cd3e/versions [none]
[debug] [2023-01-08T13:34:59.666Z] >>> [apiv2][body] POST https://firebasehosting.googleapis.com/v1beta1/projects/-/sites/my-website-5cd3e/versions {"status":"CREATED","labels":{"deployment-tool":"cli-firebase"}}
[debug] [2023-01-08T13:35:04.484Z] <<< [apiv2][status] POST https://firebasehosting.googleapis.com/v1beta1/projects/-/sites/my-website-5cd3e/versions 200
[debug] [2023-01-08T13:35:04.484Z] <<< [apiv2][body] POST https://firebasehosting.googleapis.com/v1beta1/projects/-/sites/my-website-5cd3e/versions {"name":"projects/493637542163/sites/my-website-5cd3e/versions/11ee3f1a4007d45a","status":"CREATED","config":{},"labels":{"deployment-tool":"cli-firebase"}}
[info] i  hosting[my-website-5cd3e]: beginning deploy... 
[info] i  hosting[my-website-5cd3e]: found 23 files in build 
[debug] [2023-01-08T13:35:04.499Z] [hosting] uploading with 200 concurrency
[debug] [2023-01-08T13:35:04.977Z] [hosting] hash cache [YnVpbGQ] stored for 23 files
[debug] [2023-01-08T13:35:04.977Z] [hosting][hash queue][FINAL] {"max":469,"min":14,"avg":36.95652173913044,"active":0,"complete":23,"success":23,"errored":0,"retried":0,"total":23,"elapsed":475}
[debug] [2023-01-08T13:35:04.977Z] >>> [apiv2][query] POST https://firebasehosting.googleapis.com/v1beta1/projects/493637542163/sites/my-website-5cd3e/versions/11ee3f1a4007d45a:populateFiles [none]
[debug] [2023-01-08T13:35:04.977Z] >>> [apiv2][body] POST https://firebasehosting.googleapis.com/v1beta1/projects/493637542163/sites/my-website-5cd3e/versions/11ee3f1a4007d45a:populateFiles {"files":{"/asset-manifest.json":"08e889a8907266dafe93405bd72bcc71824aa12a81ec8e1530e0b25f34e58448","/favicon.ico":"b72f7455f00e4e58792d2bca892abb068e2213838c0316d6b7a0d6d16acd1955","/logo192.png":"caff018b7f1e8fd481eb1c50d75b0ef236bcd5078b1d15c8bb348453fee30293","/manifest.json":"341d52628782f8ac9290bbfc43298afccb47b7cbfcee146ae30cf0f46bc30900","/index.html":"5bc89fdb4805d3435e5df3be49707d94491360453349ca275d0a65bf187ac2ff","/robots.txt":"391d14b3c2f8c9143a27a28c7399585142228d4d1bdbe2c87ac946de411fa9a2","/static/js/787.67b99310.chunk.js":"8e43207851d21cd1e8dcc8dce96a163fe698117384114a8919fd8887fbbbd98e","/logo512.png":"191fc21360b4ccfb1cda11a1efb97f489ed22672ca83f4064316802bbfdd750e","/static/js/main.97108c04.js.LICENSE.txt":"74dcf4bce022a5baa2ba70fd50ee0e755cbaaec7cac365ee851ecda9bb8857a5","/static/js/787.67b99310.chunk.js.map":"f04944c039b2ebd499b0392e7ee73d1e52df364d6d8089ba1458ead4c342d94d","/static/media/CoolveticaRg-Regular.7d1f3b1dd46ad6557a17.woff2":"0d686cc66fd385f1856584c2505fe75027f87df230dea03938f34ab5649e935e","/static/media/CoolveticaRg-Regular.8307bfa187bccdc55f4d.woff":"109d24993f96aad001888f814269b9bb8db5de3d5dc8ef042807ae7b115c9ce5","/static/media/LaBelleAurore.a83c1c58fd7e43972e4a.woff2":"bf91627da8379686641ecc646d0d024901e185d74f04c23b219a8c6e793de892","/static/media/LaBelleAurore.9c5433c64baa43d1d274.woff":"af922dc0a005f5a4b2e7781b412696fe77509daf2eab30c207d49ca120d17aae","/static/media/helvetica-neu.8a19678078a6b21c8057.ttf":"6b526ec7875af31c542a549a060c28a04e63edebc95e1cd212a6afd44790c820","/static/css/main.3739b2ca.css":"5f21d653cee20e85f7ab3d7b95dcd52f24762c6af42b4bf4d8700eac473613e1","/static/media/logo_sub.c1aa910aeb674b8f55b4.png":"5d3faff8e68e9b25b8d74d2daff3db2926d517c464ae14cfafc8f450cde001b1","/portfolio/1/one.png":"0073e84bba721dae6fa2810263d49dd5ca44fc5ad1ab19238263b5c179894709","/static/media/logo-s.9be5b32cbac81e772d12.png":"23db16af51ea96df891b92881979ffffa8e089eb79744ea03a3073c9de228acc","/static/css/main.3739b2ca.css.map":"e8edea78a7255ff634ebbd4b11dd3b93e4e538252c0b179b4451a4fe4a839661","/static/media/farzin.970829f401901648fbb7.png":"a6c3684ac921860e042d1c95dd97ebf1ae6e01a9478ccfe71b0a4cec651b4164","/static/js/main.97108c04.js":"e31e64b8c4065aea02f1b62606713397022063a3d6a24c44874fdbe8645b7559","/static/js/main.97108c04.js.map":"6b1425d7c3570e31d8584d282bf35ed7d0813bec239ee92a2ede99c4f76f09a4"}}
[debug] [2023-01-08T13:35:07.145Z] <<< [apiv2][status] POST https://firebasehosting.googleapis.com/v1beta1/projects/493637542163/sites/my-website-5cd3e/versions/11ee3f1a4007d45a:populateFiles 200
[debug] [2023-01-08T13:35:07.146Z] <<< [apiv2][body] POST https://firebasehosting.googleapis.com/v1beta1/projects/493637542163/sites/my-website-5cd3e/versions/11ee3f1a4007d45a:populateFiles {"uploadRequiredHashes":["6b1425d7c3570e31d8584d282bf35ed7d0813bec239ee92a2ede99c4f76f09a4","e31e64b8c4065aea02f1b62606713397022063a3d6a24c44874fdbe8645b7559","08e889a8907266dafe93405bd72bcc71824aa12a81ec8e1530e0b25f34e58448","5bc89fdb4805d3435e5df3be49707d94491360453349ca275d0a65bf187ac2ff"],"uploadUrl":"https://upload-firebasehosting.googleapis.com/upload/sites/my-website-5cd3e/versions/11ee3f1a4007d45a/files"}
[debug] [2023-01-08T13:35:07.148Z] >>> [apiv2][query] POST https://upload-firebasehosting.googleapis.com/upload/sites/my-website-5cd3e/versions/11ee3f1a4007d45a/files/6b1425d7c3570e31d8584d282bf35ed7d0813bec239ee92a2ede99c4f76f09a4 [none]
[debug] [2023-01-08T13:35:07.148Z] >>> [apiv2][body] POST https://upload-firebasehosting.googleapis.com/upload/sites/my-website-5cd3e/versions/11ee3f1a4007d45a/files/6b1425d7c3570e31d8584d282bf35ed7d0813bec239ee92a2ede99c4f76f09a4 [stream]
[debug] [2023-01-08T13:35:07.149Z] >>> [apiv2][query] POST https://upload-firebasehosting.googleapis.com/upload/sites/my-website-5cd3e/versions/11ee3f1a4007d45a/files/e31e64b8c4065aea02f1b62606713397022063a3d6a24c44874fdbe8645b7559 [none]
[debug] [2023-01-08T13:35:07.149Z] >>> [apiv2][body] POST https://upload-firebasehosting.googleapis.com/upload/sites/my-website-5cd3e/versions/11ee3f1a4007d45a/files/e31e64b8c4065aea02f1b62606713397022063a3d6a24c44874fdbe8645b7559 [stream]
[debug] [2023-01-08T13:35:07.152Z] >>> [apiv2][query] POST https://upload-firebasehosting.googleapis.com/upload/sites/my-website-5cd3e/versions/11ee3f1a4007d45a/files/08e889a8907266dafe93405bd72bcc71824aa12a81ec8e1530e0b25f34e58448 [none]
[debug] [2023-01-08T13:35:07.152Z] >>> [apiv2][body] POST https://upload-firebasehosting.googleapis.com/upload/sites/my-website-5cd3e/versions/11ee3f1a4007d45a/files/08e889a8907266dafe93405bd72bcc71824aa12a81ec8e1530e0b25f34e58448 [stream]
[debug] [2023-01-08T13:35:07.153Z] >>> [apiv2][query] POST https://upload-firebasehosting.googleapis.com/upload/sites/my-website-5cd3e/versions/11ee3f1a4007d45a/files/5bc89fdb4805d3435e5df3be49707d94491360453349ca275d0a65bf187ac2ff [none]
[debug] [2023-01-08T13:35:07.153Z] >>> [apiv2][body] POST https://upload-firebasehosting.googleapis.com/upload/sites/my-website-5cd3e/versions/11ee3f1a4007d45a/files/5bc89fdb4805d3435e5df3be49707d94491360453349ca275d0a65bf187ac2ff [stream]
[debug] [2023-01-08T13:35:07.155Z] [hosting][populate queue][FINAL] {"max":2173,"min":2173,"avg":2173,"active":0,"complete":1,"success":1,"errored":0,"retried":0,"total":1,"elapsed":2180}
[debug] [2023-01-08T13:35:07.155Z] [hosting] uploads queued: 4
[debug] [2023-01-08T13:35:12.976Z] <<< [apiv2][status] POST https://upload-firebasehosting.googleapis.com/upload/sites/my-website-5cd3e/versions/11ee3f1a4007d45a/files/5bc89fdb4805d3435e5df3be49707d94491360453349ca275d0a65bf187ac2ff 200
[debug] [2023-01-08T13:35:12.977Z] <<< [apiv2][body] POST https://upload-firebasehosting.googleapis.com/upload/sites/my-website-5cd3e/versions/11ee3f1a4007d45a/files/5bc89fdb4805d3435e5df3be49707d94491360453349ca275d0a65bf187ac2ff [stream]
[debug] [2023-01-08T13:35:13.806Z] <<< [apiv2][status] POST https://upload-firebasehosting.googleapis.com/upload/sites/my-website-5cd3e/versions/11ee3f1a4007d45a/files/08e889a8907266dafe93405bd72bcc71824aa12a81ec8e1530e0b25f34e58448 200
[debug] [2023-01-08T13:35:13.806Z] <<< [apiv2][body] POST https://upload-firebasehosting.googleapis.com/upload/sites/my-website-5cd3e/versions/11ee3f1a4007d45a/files/08e889a8907266dafe93405bd72bcc71824aa12a81ec8e1530e0b25f34e58448 [stream]
[debug] [2023-01-08T13:35:37.551Z] [uploadQueue] Retrying task e31e64b8c4065aea02f1b62606713397022063a3d6a24c44874fdbe8645b7559
[debug] [2023-01-08T13:35:37.551Z] >>> [apiv2][query] POST https://upload-firebasehosting.googleapis.com/upload/sites/my-website-5cd3e/versions/11ee3f1a4007d45a/files/e31e64b8c4065aea02f1b62606713397022063a3d6a24c44874fdbe8645b7559 [none]
[debug] [2023-01-08T13:35:37.552Z] >>> [apiv2][body] POST https://upload-firebasehosting.googleapis.com/upload/sites/my-website-5cd3e/versions/11ee3f1a4007d45a/files/e31e64b8c4065aea02f1b62606713397022063a3d6a24c44874fdbe8645b7559 [stream]
[debug] [2023-01-08T13:36:08.354Z] [uploadQueue] Retrying task e31e64b8c4065aea02f1b62606713397022063a3d6a24c44874fdbe8645b7559
[debug] [2023-01-08T13:36:08.355Z] >>> [apiv2][query] POST https://upload-firebasehosting.googleapis.com/upload/sites/my-website-5cd3e/versions/11ee3f1a4007d45a/files/e31e64b8c4065aea02f1b62606713397022063a3d6a24c44874fdbe8645b7559 [none]
[debug] [2023-01-08T13:36:08.355Z] >>> [apiv2][body] POST https://upload-firebasehosting.googleapis.com/upload/sites/my-website-5cd3e/versions/11ee3f1a4007d45a/files/e31e64b8c4065aea02f1b62606713397022063a3d6a24c44874fdbe8645b7559 [stream]
[debug] [2023-01-08T13:36:39.956Z] [uploadQueue] Retrying task e31e64b8c4065aea02f1b62606713397022063a3d6a24c44874fdbe8645b7559
[debug] [2023-01-08T13:36:39.959Z] >>> [apiv2][query] POST https://upload-firebasehosting.googleapis.com/upload/sites/my-website-5cd3e/versions/11ee3f1a4007d45a/files/e31e64b8c4065aea02f1b62606713397022063a3d6a24c44874fdbe8645b7559 [none]
[debug] [2023-01-08T13:36:39.959Z] >>> [apiv2][body] POST https://upload-firebasehosting.googleapis.com/upload/sites/my-website-5cd3e/versions/11ee3f1a4007d45a/files/e31e64b8c4065aea02f1b62606713397022063a3d6a24c44874fdbe8645b7559 [stream]
[debug] [2023-01-08T13:37:13.160Z] [uploadQueue] Retrying task e31e64b8c4065aea02f1b62606713397022063a3d6a24c44874fdbe8645b7559
[debug] [2023-01-08T13:37:13.162Z] >>> [apiv2][query] POST https://upload-firebasehosting.googleapis.com/upload/sites/my-website-5cd3e/versions/11ee3f1a4007d45a/files/e31e64b8c4065aea02f1b62606713397022063a3d6a24c44874fdbe8645b7559 [none]
[debug] [2023-01-08T13:37:13.162Z] >>> [apiv2][body] POST https://upload-firebasehosting.googleapis.com/upload/sites/my-website-5cd3e/versions/11ee3f1a4007d45a/files/e31e64b8c4065aea02f1b62606713397022063a3d6a24c44874fdbe8645b7559 [stream]
[debug] [2023-01-08T13:37:17.047Z] [uploadQueue] Retrying task 6b1425d7c3570e31d8584d282bf35ed7d0813bec239ee92a2ede99c4f76f09a4
[debug] [2023-01-08T13:37:17.048Z] >>> [apiv2][query] POST https://upload-firebasehosting.googleapis.com/upload/sites/my-website-5cd3e/versions/11ee3f1a4007d45a/files/6b1425d7c3570e31d8584d282bf35ed7d0813bec239ee92a2ede99c4f76f09a4 [none]
[debug] [2023-01-08T13:37:17.048Z] >>> [apiv2][body] POST https://upload-firebasehosting.googleapis.com/upload/sites/my-website-5cd3e/versions/11ee3f1a4007d45a/files/6b1425d7c3570e31d8584d282bf35ed7d0813bec239ee92a2ede99c4f76f09a4 [stream]
[debug] [2023-01-08T13:37:49.563Z] [uploadQueue] Retrying task e31e64b8c4065aea02f1b62606713397022063a3d6a24c44874fdbe8645b7559
[debug] [2023-01-08T13:37:49.565Z] >>> [apiv2][query] POST https://upload-firebasehosting.googleapis.com/upload/sites/my-website-5cd3e/versions/11ee3f1a4007d45a/files/e31e64b8c4065aea02f1b62606713397022063a3d6a24c44874fdbe8645b7559 [none]
[debug] [2023-01-08T13:37:49.565Z] >>> [apiv2][body] POST https://upload-firebasehosting.googleapis.com/upload/sites/my-website-5cd3e/versions/11ee3f1a4007d45a/files/e31e64b8c4065aea02f1b62606713397022063a3d6a24c44874fdbe8645b7559 [stream]
[debug] Task e31e64b8c4065aea02f1b62606713397022063a3d6a24c44874fdbe8645b7559 failed: retries exhausted after 6 attempts, with error: Timeout reached making request to https://upload-firebasehosting.googleapis.com/upload/sites/my-website-5cd3e/versions/11ee3f1a4007d45a/files/e31e64b8c4065aea02f1b62606713397022063a3d6a24c44874fdbe8645b7559
[debug] [2023-01-08T13:38:19.567Z] [hosting][upload queue][FINAL] {"max":6659,"min":5830,"avg":6244.5,"active":1,"complete":3,"success":2,"errored":1,"retried":6,"total":4,"elapsed":192421}
[debug] [2023-01-08T13:38:24.577Z] Error: Timed out.
    at Timeout._onTimeout (/usr/local/lib/node_modules/firebase-tools/lib/utils.js:253:49)
    at listOnTimeout (node:internal/timers:559:17)
    at processTimers (node:internal/timers:502:7)
[error] 
[error] Error: An unexpected error has occurred.
